Arguments: 
  C:\Program Files\nodejs\node.exe C:\Program Files (x86)\Yarn\bin\yarn.js add added slint rules

PATH: 
  C:\Program Files\Git\mingw64\bin;C:\Program Files\Git\usr\bin;C:\Users\Usman Ghani\bin;C:\Python38\Scripts;C:\Python38;C:\Program Files\AdoptOpenJDK\jdk-11.0.3.7-hotspot\bin;C:\windows\system32;C:\windows;C:\windows\system32\wbem;C:\windows\system32\windowspowershell\v1.0;C:\windows\system32\openssh;C:\program files\dotnet;C:\program files (x86)\microsoft sql server\client sdk\odbc\130\tools\binn;C:\program files (x86)\microsoft sql server\140\tools\binn;C:\program files (x86)\microsoft sql server\140\dts\binn;C:\program files (x86)\microsoft sql server\140\tools\binn\managementstudio;C:\program files\microsoft sql server\client sdk\odbc\130\tools\binn;C:\program files\microsoft sql server\140\tools\binn;C:\program files\microsoft sql server\140\dts\binn;C:\program files\git\cmd;C:\Program Files\Microsoft SQL Server\Client SDK\ODBC\170\Tools\Binn;C:\Program Files (x86)\Yarn\bin;G:\jdk;C:\ProgramData\chocolatey\bin;C:\openssl\bin;C:\Program Files\Git\cmd;C:\WINDOWS\system32;C:\WINDOWS;C:\WINDOWS\System32\Wbem;C:\WINDOWS\System32\WindowsPowerShell\v1.0;C:\WINDOWS\System32\OpenSSH;C:\Users\Usman Ghani\AppData\Roaming\nvm;C:\Program Files\nodejs;C:\Users\Usman Ghani\AppData\Local\Programs\Microsoft VS Code\bin;C:\Users\Usman Ghani\AppData\Local\watchman;C:\Users\Usman Ghani\AppData\Local\Microsoft\WindowsApps;C:\Users\USMANG~1\AppData\Roaming\npm;C:\Users\Usman Ghani\platform-tools;C:\Users\Android\Sdk;C:\Program Files\heroku\bin;C:\MinGW\bin;C:\Users\USMANG~1\AppData\Roaming\npm

Yarn version: 
  1.22.4

Node version: 
  15.14.0

Platform: 
  win32 x64

Trace: 
  Error: https://registry.yarnpkg.com/added%20slint%20rules: Not found
      at Request.params.callback [as _callback] (C:\Program Files (x86)\Yarn\lib\cli.js:66096:18)
      at Request.self.callback (C:\Program Files (x86)\Yarn\lib\cli.js:140748:22)
      at Request.emit (node:events:369:20)
      at Request.<anonymous> (C:\Program Files (x86)\Yarn\lib\cli.js:141720:10)
      at Request.emit (node:events:369:20)
      at IncomingMessage.<anonymous> (C:\Program Files (x86)\Yarn\lib\cli.js:141642:12)
      at Object.onceWrapper (node:events:475:28)
      at IncomingMessage.emit (node:events:381:22)
      at endReadableNT (node:internal/streams/readable:1307:12)
      at processTicksAndRejections (node:internal/process/task_queues:81:21)

npm manifest: 
  {
    "name": "gitshop",
    "version": "1.0.0",
    "main": "index.js",
    "repository": "https://github.com/usmanghanidev/giftshop.git",
    "author": "usmanGhani16 <afro123737@gmail.com>",
    "license": "MIT",
    "scripts": {
      "push": "git add . && git commit -m",
      "postpush": "git push --all",
      "dev": "cd frontend/ && yarn dev",
      "start": "cd backend/ && yarn start"
    },
    "dependencies": {
      "react-lottie": "^1.2.3"
    }
  }

yarn manifest: 
  No manifest

Lockfile: 
  # THIS IS AN AUTOGENERATED FILE. DO NOT EDIT THIS FILE DIRECTLY.
  # yarn lockfile v1
  
  
  babel-runtime@^6.26.0:
    version "6.26.0"
    resolved "https://registry.yarnpkg.com/babel-runtime/-/babel-runtime-6.26.0.tgz#965c7058668e82b55d7bfe04ff2337bc8b5647fe"
    integrity sha1-llxwWGaOgrVde/4E/yM3vItWR/4=
    dependencies:
      core-js "^2.4.0"
      regenerator-runtime "^0.11.0"
  
  core-js@^2.4.0:
    version "2.6.12"
    resolved "https://registry.yarnpkg.com/core-js/-/core-js-2.6.12.tgz#d9333dfa7b065e347cc5682219d6f690859cc2ec"
    integrity sha512-Kb2wC0fvsWfQrgk8HU5lW6U/Lcs8+9aaYcy4ZFc6DDlo4nZ7n70dEgE5rtR0oG6ufKDUnrwfWL1mXR5ljDatrQ==
  
  lottie-web@^5.1.3:
    version "5.7.14"
    resolved "https://registry.yarnpkg.com/lottie-web/-/lottie-web-5.7.14.tgz#cdabd256181c3ea64cf0c174a61dfa137228981f"
    integrity sha512-J+QEPse7Rws0XvTqRJNtcE8cszb5FWYFHubEK6bgDJtw64/AQJ40aazbWXsWGBM4sm/PgLBLgmmhDU4QpLiieg==
  
  react-lottie@^1.2.3:
    version "1.2.3"
    resolved "https://registry.yarnpkg.com/react-lottie/-/react-lottie-1.2.3.tgz#8544b96939e088658072eea5e12d912cdaa3acc1"
    integrity sha512-qLCERxUr8M+4mm1LU0Ruxw5Y5Fn/OmYkGfnA+JDM/dZb3oKwVAJCjwnjkj9TMHtzR2U6sMEUD3ZZ1RaHagM7kA==
    dependencies:
      babel-runtime "^6.26.0"
      lottie-web "^5.1.3"
  
  regenerator-runtime@^0.11.0:
    version "0.11.1"
    resolved "https://registry.yarnpkg.com/regenerator-runtime/-/regenerator-runtime-0.11.1.tgz#be05ad7f9bf7d22e056f9726cee5017fbf19e2e9"
    integrity sha512-MguG95oij0fC3QV3URf4V2SDYGJhJnJGqvIIgdECeODCT98wSWDAJ94SSuVpYQUoTcGUIL6L4yNB7j1DFFHSBg==
